c:\users\cristian hurezeanu\documents\visual studio 2015\projects\licentav2\licentav2\x64\debug\vc140.pdb
c:\users\cristian hurezeanu\documents\visual studio 2015\projects\licentav2\licentav2\x64\debug\vc140.idb
c:\users\cristian hurezeanu\documents\visual studio 2015\projects\licentav2\licentav2\x64\debug\dummymethod.obj
c:\users\cristian hurezeanu\documents\visual studio 2015\projects\licentav2\licentav2\x64\debug\spatialgrid.obj
c:\users\cristian hurezeanu\documents\visual studio 2015\projects\licentav2\licentav2\x64\debug\initglew.obj
c:\users\cristian hurezeanu\documents\visual studio 2015\projects\licentav2\licentav2\x64\debug\initglut.obj
c:\users\cristian hurezeanu\documents\visual studio 2015\projects\licentav2\licentav2\x64\debug\main.obj
c:\users\cristian hurezeanu\documents\visual studio 2015\projects\licentav2\licentav2\x64\debug\modelmanager.obj
c:\users\cristian hurezeanu\documents\visual studio 2015\projects\licentav2\licentav2\x64\debug\scenemanager.obj
c:\users\cristian hurezeanu\documents\visual studio 2015\projects\licentav2\licentav2\x64\debug\shadermanager.obj
c:\users\cristian hurezeanu\documents\visual studio 2015\projects\licentav2\licentav2\x64\debug\camera.obj
c:\users\cristian hurezeanu\documents\visual studio 2015\projects\licentav2\licentav2\x64\debug\boundingbox.obj
c:\users\cristian hurezeanu\documents\visual studio 2015\projects\licentav2\licentav2\x64\debug\cube.obj
c:\users\cristian hurezeanu\documents\visual studio 2015\projects\licentav2\licentav2\x64\debug\model.obj
c:\users\cristian hurezeanu\documents\visual studio 2015\projects\licentav2\licentav2\x64\debug\quad.obj
c:\users\cristian hurezeanu\documents\visual studio 2015\projects\licentav2\licentav2\x64\debug\sphere.obj
c:\users\cristian hurezeanu\documents\visual studio 2015\projects\licentav2\licentav2\x64\debug\tetrahedron.obj
c:\users\cristian hurezeanu\documents\visual studio 2015\projects\licentav2\licentav2\x64\debug\triangle.obj
c:\users\cristian hurezeanu\documents\visual studio 2015\projects\licentav2\licentav2\x64\debug\fpscounter.obj
c:\users\cristian hurezeanu\documents\visual studio 2015\projects\licentav2\licentav2\x64\debug\bvh.obj
c:\users\cristian hurezeanu\documents\visual studio 2015\projects\licentav2\licentav2\x64\debug\bvhtree.obj
c:\users\cristian hurezeanu\documents\visual studio 2015\projects\licentav2\x64\debug\licentav2.ilk
c:\users\cristian hurezeanu\documents\visual studio 2015\projects\licentav2\x64\debug\licentav2.exe
c:\users\cristian hurezeanu\documents\visual studio 2015\projects\licentav2\x64\debug\licentav2.pdb
c:\users\cristian hurezeanu\documents\visual studio 2015\projects\licentav2\licentav2\x64\debug\bvh.obj.enc
c:\users\cristian hurezeanu\documents\visual studio 2015\projects\licentav2\licentav2\x64\debug\licentav2.tlog\cl.command.1.tlog
c:\users\cristian hurezeanu\documents\visual studio 2015\projects\licentav2\licentav2\x64\debug\licentav2.tlog\cl.read.1.tlog
c:\users\cristian hurezeanu\documents\visual studio 2015\projects\licentav2\licentav2\x64\debug\licentav2.tlog\cl.write.1.tlog
c:\users\cristian hurezeanu\documents\visual studio 2015\projects\licentav2\licentav2\x64\debug\licentav2.tlog\link.command.1.tlog
c:\users\cristian hurezeanu\documents\visual studio 2015\projects\licentav2\licentav2\x64\debug\licentav2.tlog\link.read.1.tlog
c:\users\cristian hurezeanu\documents\visual studio 2015\projects\licentav2\licentav2\x64\debug\licentav2.tlog\link.write.1.tlog
